2020-02-20 22:43:37.350 [restartedMain] INFO  com.guli.teacher.TeacherApplication - The following profiles are active: dev
2020-02-20 22:43:37.361 [restartedMain] INFO  o.s.b.w.s.c.AnnotationConfigServletWebServerApplicationContext - Refreshing org.springframework.boot.web.servlet.context.AnnotationConfigServletWebServerApplicationContext@4b3a324b: startup date [Thu Feb 20 22:43:37 CST 2020]; parent: org.springframework.context.annotation.AnnotationConfigApplicationContext@78f9f439
2020-02-20 22:43:38.184 [restartedMain] INFO  o.s.b.factory.support.DefaultListableBeanFactory - Overriding bean definition for bean 'dataSource' with a different definition: replacing [Root bean: class [null]; scope=refresh; abstract=false; lazyInit=false; autowireMode=3; dependencyCheck=0; autowireCandidate=false; primary=false; factoryBeanName=org.springframework.boot.autoconfigure.jdbc.DataSourceConfiguration$Hikari; factoryMethodName=dataSource; initMethodName=null; destroyMethodName=(inferred); defined in class path resource [org/springframework/boot/autoconfigure/jdbc/DataSourceConfiguration$Hikari.class]] with [Root bean: class [org.springframework.aop.scope.ScopedProxyFactoryBean]; scope=; abstract=false; lazyInit=false; autowireMode=0; dependencyCheck=0; autowireCandidate=true; primary=false; factoryBeanName=null; factoryMethodName=null; initMethodName=null; destroyMethodName=null; defined in BeanDefinition defined in class path resource [org/springframework/boot/autoconfigure/jdbc/DataSourceConfiguration$Hikari.class]]
2020-02-20 22:43:38.266 [restartedMain] INFO  o.springframework.cloud.context.scope.GenericScope - BeanFactory id=74b213c6-3f23-3a96-a78f-93d4f50ae57d
2020-02-20 22:43:38.278 [restartedMain] INFO  o.s.b.f.a.AutowiredAnnotationBeanPostProcessor - JSR-330 'javax.inject.Inject' annotation found and supported for autowiring
2020-02-20 22:43:38.355 [restartedMain] INFO  o.s.c.s.PostProcessorRegistrationDelegate$BeanPostProcessorChecker - Bean 'org.springframework.transaction.annotation.ProxyTransactionManagementConfiguration' of type [org.springframework.transaction.annotation.ProxyTransactionManagementConfiguration$$EnhancerBySpringCGLIB$$6e6aa0d4] is not eligible for getting processed by all BeanPostProcessors (for example: not eligible for auto-proxying)
2020-02-20 22:43:38.381 [restartedMain] INFO  o.s.c.s.PostProcessorRegistrationDelegate$BeanPostProcessorChecker - Bean 'org.springframework.cloud.autoconfigure.ConfigurationPropertiesRebinderAutoConfiguration' of type [org.springframework.cloud.autoconfigure.ConfigurationPropertiesRebinderAutoConfiguration$$EnhancerBySpringCGLIB$$8a84a3d1] is not eligible for getting processed by all BeanPostProcessors (for example: not eligible for auto-proxying)
2020-02-20 22:43:38.810 [restartedMain] INFO  o.s.boot.web.embedded.tomcat.TomcatWebServer - Tomcat initialized with port(s): 8001 (http)
2020-02-20 22:43:38.823 [restartedMain] INFO  org.apache.coyote.http11.Http11NioProtocol - Initializing ProtocolHandler ["http-nio-8001"]
2020-02-20 22:43:38.838 [restartedMain] INFO  org.apache.catalina.core.StandardService - Starting service [Tomcat]
2020-02-20 22:43:38.839 [restartedMain] INFO  org.apache.catalina.core.StandardEngine - Starting Servlet Engine: Apache Tomcat/8.5.35
2020-02-20 22:43:38.842 [localhost-startStop-1] INFO  org.apache.catalina.core.AprLifecycleListener - The APR based Apache Tomcat Native library which allows optimal performance in production environments was not found on the java.library.path: [/Users/wanglong/Library/Java/Extensions:/Library/Java/Extensions:/Network/Library/Java/Extensions:/System/Library/Java/Extensions:/usr/lib/java:.]
2020-02-20 22:43:38.942 [localhost-startStop-1] INFO  o.a.c.core.ContainerBase.[Tomcat].[localhost].[/] - Initializing Spring embedded WebApplicationContext
2020-02-20 22:43:38.943 [localhost-startStop-1] INFO  org.springframework.web.context.ContextLoader - Root WebApplicationContext: initialization completed in 1582 ms
2020-02-20 22:43:39.018 [localhost-startStop-1] INFO  o.s.boot.web.servlet.ServletRegistrationBean - Servlet dispatcherServlet mapped to [/]
2020-02-20 22:43:39.022 [localhost-startStop-1] INFO  o.s.boot.web.servlet.FilterRegistrationBean - Mapping filter: 'characterEncodingFilter' to: [/*]
2020-02-20 22:43:39.023 [localhost-startStop-1] INFO  o.s.boot.web.servlet.FilterRegistrationBean - Mapping filter: 'hiddenHttpMethodFilter' to: [/*]
2020-02-20 22:43:39.023 [localhost-startStop-1] INFO  o.s.boot.web.servlet.FilterRegistrationBean - Mapping filter: 'httpPutFormContentFilter' to: [/*]
2020-02-20 22:43:39.023 [localhost-startStop-1] INFO  o.s.boot.web.servlet.FilterRegistrationBean - Mapping filter: 'requestContextFilter' to: [/*]
2020-02-20 22:43:39.248 [restartedMain] INFO  org.springframework.aop.framework.CglibAopProxy - Method [void com.zaxxer.hikari.HikariConfig.seal()] is package-visible across different ClassLoaders and cannot get proxied via CGLIB: Declare this method as public or protected if you need to support invocations through the proxy.
2020-02-20 22:43:39.327 [restartedMain] INFO  com.zaxxer.hikari.HikariDataSource - HikariPool-1 - Starting...
2020-02-20 22:43:39.529 [restartedMain] INFO  com.zaxxer.hikari.HikariDataSource - HikariPool-1 - Start completed.
2020-02-20 22:43:40.138 [restartedMain] INFO  o.s.w.s.m.m.a.RequestMappingHandlerMapping - Mapped "{[/chapter/save],methods=[POST]}" onto public com.guli.common.result.Result com.guli.teacher.controller.EduChapterController.save(com.guli.teacher.entity.EduChapter)
2020-02-20 22:43:40.140 [restartedMain] INFO  o.s.w.s.m.m.a.RequestMappingHandlerMapping - Mapped "{[/chapter/list/{id}],methods=[GET]}" onto public com.guli.common.result.Result com.guli.teacher.controller.EduChapterController.getChapterList(java.lang.String)
2020-02-20 22:43:40.140 [restartedMain] INFO  o.s.w.s.m.m.a.RequestMappingHandlerMapping - Mapped "{[/chapter/{id}],methods=[GET]}" onto public com.guli.common.result.Result com.guli.teacher.controller.EduChapterController.getChapterById(java.lang.String)
2020-02-20 22:43:40.141 [restartedMain] INFO  o.s.w.s.m.m.a.RequestMappingHandlerMapping - Mapped "{[/chapter/update],methods=[PUT]}" onto public com.guli.common.result.Result com.guli.teacher.controller.EduChapterController.updateChapter(com.guli.teacher.entity.EduChapter)
2020-02-20 22:43:40.141 [restartedMain] INFO  o.s.w.s.m.m.a.RequestMappingHandlerMapping - Mapped "{[/chapter/{id}],methods=[DELETE]}" onto public com.guli.common.result.Result com.guli.teacher.controller.EduChapterController.deleteChapter(java.lang.String)
2020-02-20 22:43:40.143 [restartedMain] INFO  o.s.w.s.m.m.a.RequestMappingHandlerMapping - Mapped "{[/course/save],methods=[POST]}" onto public com.guli.common.result.Result com.guli.teacher.controller.EduCourseController.saveCourse(com.guli.teacher.entity.vo.CourseDesc)
2020-02-20 22:43:40.144 [restartedMain] INFO  o.s.w.s.m.m.a.RequestMappingHandlerMapping - Mapped "{[/course/{id}],methods=[GET]}" onto public com.guli.common.result.Result com.guli.teacher.controller.EduCourseController.getCourseVoById(java.lang.String)
2020-02-20 22:43:40.144 [restartedMain] INFO  o.s.w.s.m.m.a.RequestMappingHandlerMapping - Mapped "{[/course/update],methods=[PUT]}" onto public com.guli.common.result.Result com.guli.teacher.controller.EduCourseController.updateCourse(com.guli.teacher.entity.vo.CourseDesc)
2020-02-20 22:43:40.144 [restartedMain] INFO  o.s.w.s.m.m.a.RequestMappingHandlerMapping - Mapped "{[/course/{page}/{limit}],methods=[POST]}" onto public com.guli.common.result.Result com.guli.teacher.controller.EduCourseController.pageQuery(java.lang.Long,java.lang.Long,com.guli.teacher.entity.query.CourseQuery)
2020-02-20 22:43:40.145 [restartedMain] INFO  o.s.w.s.m.m.a.RequestMappingHandlerMapping - Mapped "{[/course/{id}],methods=[DELETE]}" onto public com.guli.common.result.Result com.guli.teacher.controller.EduCourseController.removeById(java.lang.String)
2020-02-20 22:43:40.145 [restartedMain] INFO  o.s.w.s.m.m.a.RequestMappingHandlerMapping - Mapped "{[/course/vo/{id}],methods=[GET]}" onto public com.guli.common.result.Result com.guli.teacher.controller.EduCourseController.getCoursePublishVoById(java.lang.String)
2020-02-20 22:43:40.146 [restartedMain] INFO  o.s.w.s.m.m.a.RequestMappingHandlerMapping - Mapped "{[/course/status/{id}],methods=[PUT]}" onto public com.guli.common.result.Result com.guli.teacher.controller.EduCourseController.updateByStatusById(java.lang.String)
2020-02-20 22:43:40.148 [restartedMain] INFO  o.s.w.s.m.m.a.RequestMappingHandlerMapping - Mapped "{[/subject/import],methods=[POST]}" onto public com.guli.common.result.Result com.guli.teacher.controller.EduSubjectController.importExl(org.springframework.web.multipart.MultipartFile)
2020-02-20 22:43:40.149 [restartedMain] INFO  o.s.w.s.m.m.a.RequestMappingHandlerMapping - Mapped "{[/subject/list],methods=[GET]}" onto public com.guli.common.result.Result com.guli.teacher.controller.EduSubjectController.getSubjectList()
2020-02-20 22:43:40.149 [restartedMain] INFO  o.s.w.s.m.m.a.RequestMappingHandlerMapping - Mapped "{[/subject/{id}],methods=[DELETE]}" onto public com.guli.common.result.Result com.guli.teacher.controller.EduSubjectController.deleteById(java.lang.String)
2020-02-20 22:43:40.149 [restartedMain] INFO  o.s.w.s.m.m.a.RequestMappingHandlerMapping - Mapped "{[/subject/saveLevelOne],methods=[POST]}" onto public com.guli.common.result.Result com.guli.teacher.controller.EduSubjectController.saveLevelOne(com.guli.teacher.entity.EduSubject)
2020-02-20 22:43:40.150 [restartedMain] INFO  o.s.w.s.m.m.a.RequestMappingHandlerMapping - Mapped "{[/subject/saveLevelTwo],methods=[POST]}" onto public com.guli.common.result.Result com.guli.teacher.controller.EduSubjectController.saveLevelTwo(com.guli.teacher.entity.EduSubject)
2020-02-20 22:43:40.152 [restartedMain] INFO  o.s.w.s.m.m.a.RequestMappingHandlerMapping - Mapped "{[/teacher/list],methods=[GET]}" onto public com.guli.common.result.Result com.guli.teacher.controller.EduTeacherController.list()
2020-02-20 22:43:40.152 [restartedMain] INFO  o.s.w.s.m.m.a.RequestMappingHandlerMapping - Mapped "{[/teacher/add],methods=[POST]}" onto public com.guli.common.result.Result com.guli.teacher.controller.EduTeacherController.save(com.guli.teacher.entity.EduTeacher)
2020-02-20 22:43:40.153 [restartedMain] INFO  o.s.w.s.m.m.a.RequestMappingHandlerMapping - Mapped "{[/teacher/{id}],methods=[DELETE]}" onto public com.guli.common.result.Result com.guli.teacher.controller.EduTeacherController.deleteTeacherById(java.lang.String)
2020-02-20 22:43:40.153 [restartedMain] INFO  o.s.w.s.m.m.a.RequestMappingHandlerMapping - Mapped "{[/teacher/{page}/{limit}],methods=[POST]}" onto public com.guli.common.result.Result com.guli.teacher.controller.EduTeacherController.selectTeacheryPageAndWrapper(java.lang.Integer,java.lang.Integer,com.guli.teacher.entity.query.TeacherQuery)
2020-02-20 22:43:40.153 [restartedMain] INFO  o.s.w.s.m.m.a.RequestMappingHandlerMapping - Mapped "{[/teacher/{id}],methods=[GET]}" onto public com.guli.common.result.Result com.guli.teacher.controller.EduTeacherController.getById(java.lang.String)
2020-02-20 22:43:40.154 [restartedMain] INFO  o.s.w.s.m.m.a.RequestMappingHandlerMapping - Mapped "{[/teacher/{id}],methods=[PUT]}" onto public com.guli.common.result.Result com.guli.teacher.controller.EduTeacherController.updateById(java.lang.String,com.guli.teacher.entity.EduTeacher)
2020-02-20 22:43:40.155 [restartedMain] INFO  o.s.w.s.m.m.a.RequestMappingHandlerMapping - Mapped "{[/video/update],methods=[PUT]}" onto public com.guli.common.result.Result com.guli.teacher.controller.EduVideoController.update(com.guli.teacher.entity.EduVideo)
2020-02-20 22:43:40.155 [restartedMain] INFO  o.s.w.s.m.m.a.RequestMappingHandlerMapping - Mapped "{[/video/save],methods=[POST]}" onto public com.guli.common.result.Result com.guli.teacher.controller.EduVideoController.save(com.guli.teacher.entity.EduVideo)
2020-02-20 22:43:40.156 [restartedMain] INFO  o.s.w.s.m.m.a.RequestMappingHandlerMapping - Mapped "{[/video/{id}],methods=[DELETE]}" onto public com.guli.common.result.Result com.guli.teacher.controller.EduVideoController.deleteById(java.lang.String)
2020-02-20 22:43:40.156 [restartedMain] INFO  o.s.w.s.m.m.a.RequestMappingHandlerMapping - Mapped "{[/video/{id}],methods=[GET]}" onto public com.guli.common.result.Result com.guli.teacher.controller.EduVideoController.getVideoById(java.lang.String)
2020-02-20 22:43:40.157 [restartedMain] INFO  o.s.w.s.m.m.a.RequestMappingHandlerMapping - Mapped "{[/user/login],methods=[POST]}" onto public com.guli.common.result.Result com.guli.teacher.controller.UserController.login()
2020-02-20 22:43:40.157 [restartedMain] INFO  o.s.w.s.m.m.a.RequestMappingHandlerMapping - Mapped "{[/user/info],methods=[GET]}" onto public com.guli.common.result.Result com.guli.teacher.controller.UserController.info()
2020-02-20 22:43:40.160 [restartedMain] INFO  o.s.w.s.m.m.a.RequestMappingHandlerMapping - Mapped "{[/swagger-resources/configuration/ui]}" onto public org.springframework.http.ResponseEntity<springfox.documentation.swagger.web.UiConfiguration> springfox.documentation.swagger.web.ApiResourceController.uiConfiguration()
2020-02-20 22:43:40.161 [restartedMain] INFO  o.s.w.s.m.m.a.RequestMappingHandlerMapping - Mapped "{[/swagger-resources/configuration/security]}" onto public org.springframework.http.ResponseEntity<springfox.documentation.swagger.web.SecurityConfiguration> springfox.documentation.swagger.web.ApiResourceController.securityConfiguration()
2020-02-20 22:43:40.161 [restartedMain] INFO  o.s.w.s.m.m.a.RequestMappingHandlerMapping - Mapped "{[/swagger-resources]}" onto public org.springframework.http.ResponseEntity<java.util.List<springfox.documentation.swagger.web.SwaggerResource>> springfox.documentation.swagger.web.ApiResourceController.swaggerResources()
2020-02-20 22:43:40.164 [restartedMain] INFO  o.s.w.s.m.m.a.RequestMappingHandlerMapping - Mapped "{[/error]}" onto public org.springframework.http.ResponseEntity<java.util.Map<java.lang.String, java.lang.Object>> org.springframework.boot.autoconfigure.web.servlet.error.BasicErrorController.error(javax.servlet.http.HttpServletRequest)
2020-02-20 22:43:40.164 [restartedMain] INFO  o.s.w.s.m.m.a.RequestMappingHandlerMapping - Mapped "{[/error],produces=[text/html]}" onto public org.springframework.web.servlet.ModelAndView org.springframework.boot.autoconfigure.web.servlet.error.BasicErrorController.errorHtml(javax.servlet.http.HttpServletRequest,javax.servlet.http.HttpServletResponse)
2020-02-20 22:43:40.265 [restartedMain] INFO  s.d.s.w.PropertySourcedRequestMappingHandlerMapping - Mapped URL path [/v2/api-docs] onto method [public org.springframework.http.ResponseEntity<springfox.documentation.spring.web.json.Json> springfox.documentation.swagger2.web.Swagger2Controller.getDocumentation(java.lang.String,javax.servlet.http.HttpServletRequest)]
2020-02-20 22:43:40.292 [restartedMain] INFO  com.netflix.config.sources.URLConfigurationSource - To enable URLs as dynamic configuration sources, define System property archaius.configurationSource.additionalUrls or make config.properties available on classpath.
2020-02-20 22:43:40.296 [restartedMain] INFO  com.netflix.config.sources.URLConfigurationSource - To enable URLs as dynamic configuration sources, define System property archaius.configurationSource.additionalUrls or make config.properties available on classpath.
2020-02-20 22:43:40.373 [restartedMain] INFO  o.s.web.servlet.handler.SimpleUrlHandlerMapping - Mapped URL path [/**/favicon.ico] onto handler of type [class org.springframework.web.servlet.resource.ResourceHttpRequestHandler]
2020-02-20 22:43:40.549 [restartedMain] INFO  o.s.w.s.m.m.a.RequestMappingHandlerAdapter - Looking for @ControllerAdvice: org.springframework.boot.web.servlet.context.AnnotationConfigServletWebServerApplicationContext@4b3a324b: startup date [Thu Feb 20 22:43:37 CST 2020]; parent: org.springframework.context.annotation.AnnotationConfigApplicationContext@78f9f439
2020-02-20 22:43:40.616 [restartedMain] INFO  o.s.web.servlet.handler.SimpleUrlHandlerMapping - Mapped URL path [/webjars/**] onto handler of type [class org.springframework.web.servlet.resource.ResourceHttpRequestHandler]
2020-02-20 22:43:40.616 [restartedMain] INFO  o.s.web.servlet.handler.SimpleUrlHandlerMapping - Mapped URL path [/**] onto handler of type [class org.springframework.web.servlet.resource.ResourceHttpRequestHandler]
2020-02-20 22:43:40.630 [restartedMain] INFO  o.s.w.s.m.m.a.ExceptionHandlerExceptionResolver - Detected @ExceptionHandler methods in globalExceptionHandler
2020-02-20 22:43:40.880 [restartedMain] INFO  o.s.b.d.autoconfigure.OptionalLiveReloadServer - LiveReload server is running on port 35729
2020-02-20 22:43:41.080 [restartedMain] INFO  o.s.jmx.export.annotation.AnnotationMBeanExporter - Registering beans for JMX exposure on startup
2020-02-20 22:43:41.082 [restartedMain] INFO  o.s.jmx.export.annotation.AnnotationMBeanExporter - Bean with name 'dataSource' has been autodetected for JMX exposure
2020-02-20 22:43:41.089 [restartedMain] INFO  o.s.jmx.export.annotation.AnnotationMBeanExporter - Bean with name 'refreshScope' has been autodetected for JMX exposure
2020-02-20 22:43:41.090 [restartedMain] INFO  o.s.jmx.export.annotation.AnnotationMBeanExporter - Bean with name 'configurationPropertiesRebinder' has been autodetected for JMX exposure
2020-02-20 22:43:41.091 [restartedMain] INFO  o.s.jmx.export.annotation.AnnotationMBeanExporter - Bean with name 'environmentManager' has been autodetected for JMX exposure
2020-02-20 22:43:41.093 [restartedMain] INFO  o.s.jmx.export.annotation.AnnotationMBeanExporter - Located managed bean 'environmentManager': registering with JMX server as MBean [org.springframework.cloud.context.environment:name=environmentManager,type=EnvironmentManager]
2020-02-20 22:43:41.105 [restartedMain] INFO  o.s.jmx.export.annotation.AnnotationMBeanExporter - Located managed bean 'refreshScope': registering with JMX server as MBean [org.springframework.cloud.context.scope.refresh:name=refreshScope,type=RefreshScope]
2020-02-20 22:43:41.112 [restartedMain] INFO  o.s.jmx.export.annotation.AnnotationMBeanExporter - Located managed bean 'configurationPropertiesRebinder': registering with JMX server as MBean [org.springframework.cloud.context.properties:name=configurationPropertiesRebinder,context=4b3a324b,type=ConfigurationPropertiesRebinder]
2020-02-20 22:43:41.117 [restartedMain] INFO  o.s.jmx.export.annotation.AnnotationMBeanExporter - Located MBean 'dataSource': registering with JMX server as MBean [com.zaxxer.hikari:name=dataSource,type=HikariDataSource]
2020-02-20 22:43:41.121 [restartedMain] INFO  o.s.context.support.DefaultLifecycleProcessor - Starting beans in phase 0
2020-02-20 22:43:41.131 [restartedMain] INFO  o.s.cloud.netflix.eureka.InstanceInfoFactory - Setting initial instance status as: STARTING
2020-02-20 22:43:41.160 [restartedMain] INFO  com.netflix.discovery.DiscoveryClient - Initializing Eureka in region us-east-1
2020-02-20 22:43:41.271 [restartedMain] INFO  c.n.discovery.provider.DiscoveryJerseyProvider - Using JSON encoding codec LegacyJacksonJson
2020-02-20 22:43:41.272 [restartedMain] INFO  c.n.discovery.provider.DiscoveryJerseyProvider - Using JSON decoding codec LegacyJacksonJson
2020-02-20 22:43:41.361 [restartedMain] INFO  c.n.discovery.provider.DiscoveryJerseyProvider - Using XML encoding codec XStreamXml
2020-02-20 22:43:41.362 [restartedMain] INFO  c.n.discovery.provider.DiscoveryJerseyProvider - Using XML decoding codec XStreamXml
2020-02-20 22:43:41.493 [restartedMain] INFO  c.n.d.shared.resolver.aws.ConfigClusterResolver - Resolving eureka endpoints via configuration
2020-02-20 22:43:41.507 [restartedMain] INFO  com.netflix.discovery.DiscoveryClient - Disable delta property : false
2020-02-20 22:43:41.507 [restartedMain] INFO  com.netflix.discovery.DiscoveryClient - Single vip registry refresh property : null
2020-02-20 22:43:41.508 [restartedMain] INFO  com.netflix.discovery.DiscoveryClient - Force full registry fetch : false
2020-02-20 22:43:41.508 [restartedMain] INFO  com.netflix.discovery.DiscoveryClient - Application is null : false
2020-02-20 22:43:41.508 [restartedMain] INFO  com.netflix.discovery.DiscoveryClient - Registered Applications size is zero : true
2020-02-20 22:43:41.508 [restartedMain] INFO  com.netflix.discovery.DiscoveryClient - Application version is -1: true
2020-02-20 22:43:41.508 [restartedMain] INFO  com.netflix.discovery.DiscoveryClient - Getting all instance registry info from the eureka server
2020-02-20 22:43:41.697 [restartedMain] INFO  com.netflix.discovery.DiscoveryClient - The response status is 200
2020-02-20 22:43:41.698 [restartedMain] INFO  com.netflix.discovery.DiscoveryClient - Starting heartbeat executor: renew interval is: 30
2020-02-20 22:43:41.700 [restartedMain] INFO  com.netflix.discovery.InstanceInfoReplicator - InstanceInfoReplicator onDemand update allowed rate per min is 4
2020-02-20 22:43:41.703 [restartedMain] INFO  com.netflix.discovery.DiscoveryClient - Discovery Client initialized at timestamp 1582209821702 with initial instances count: 0
2020-02-20 22:43:41.707 [restartedMain] INFO  o.s.c.n.e.serviceregistry.EurekaServiceRegistry - Registering application GULI-TEACHER with eureka with status UP
2020-02-20 22:43:41.708 [restartedMain] INFO  com.netflix.discovery.DiscoveryClient - Saw local status change event StatusChangeEvent [timestamp=1582209821708, current=UP, previous=STARTING]
2020-02-20 22:43:41.709 [DiscoveryClient-InstanceInfoReplicator-0] INFO  com.netflix.discovery.DiscoveryClient - DiscoveryClient_GULI-TEACHER/192.168.0.104:guli-teacher:8001: registering service...
2020-02-20 22:43:41.713 [restartedMain] INFO  o.s.context.support.DefaultLifecycleProcessor - Starting beans in phase 2147483647
2020-02-20 22:43:41.713 [restartedMain] INFO  s.d.s.web.plugins.DocumentationPluginsBootstrapper - Context refreshed
2020-02-20 22:43:41.724 [restartedMain] INFO  s.d.s.web.plugins.DocumentationPluginsBootstrapper - Found 1 custom documentation plugin(s)
2020-02-20 22:43:41.765 [restartedMain] INFO  s.d.spring.web.scanners.ApiListingReferenceScanner - Scanning for api listing references
2020-02-20 22:43:41.812 [DiscoveryClient-InstanceInfoReplicator-0] INFO  com.netflix.discovery.DiscoveryClient - DiscoveryClient_GULI-TEACHER/192.168.0.104:guli-teacher:8001 - registration status: 204
2020-02-20 22:43:41.935 [restartedMain] INFO  s.d.s.w.r.operation.CachingOperationNameGenerator - Generating unique operation named: saveUsingPOST_1
2020-02-20 22:43:41.980 [restartedMain] INFO  s.d.s.w.r.operation.CachingOperationNameGenerator - Generating unique operation named: deleteByIdUsingDELETE_1
2020-02-20 22:43:41.987 [restartedMain] INFO  s.d.s.w.r.operation.CachingOperationNameGenerator - Generating unique operation named: saveUsingPOST_2
2020-02-20 22:43:42.010 [restartedMain] INFO  org.apache.coyote.http11.Http11NioProtocol - Starting ProtocolHandler ["http-nio-8001"]
2020-02-20 22:43:42.027 [restartedMain] INFO  org.apache.tomcat.util.net.NioSelectorPool - Using a shared selector for servlet write/read
2020-02-20 22:43:42.038 [restartedMain] INFO  o.s.boot.web.embedded.tomcat.TomcatWebServer - Tomcat started on port(s): 8001 (http) with context path ''
2020-02-20 22:43:42.039 [restartedMain] INFO  o.s.c.n.e.s.EurekaAutoServiceRegistration - Updating port to 8001
2020-02-20 22:43:42.042 [restartedMain] INFO  com.guli.teacher.TeacherApplication - Started TeacherApplication in 5.536 seconds (JVM running for 6.217)
2020-02-20 22:44:04.770 [http-nio-8001-exec-1] INFO  o.a.c.core.ContainerBase.[Tomcat].[localhost].[/] - Initializing Spring FrameworkServlet 'dispatcherServlet'
2020-02-20 22:44:04.770 [http-nio-8001-exec-1] INFO  org.springframework.web.servlet.DispatcherServlet - FrameworkServlet 'dispatcherServlet': initialization started
2020-02-20 22:44:04.791 [http-nio-8001-exec-1] INFO  org.springframework.web.servlet.DispatcherServlet - FrameworkServlet 'dispatcherServlet': initialization completed in 20 ms
2020-02-20 22:44:11.701 [DiscoveryClient-CacheRefreshExecutor-0] INFO  com.netflix.discovery.DiscoveryClient - Disable delta property : false
2020-02-20 22:44:11.702 [DiscoveryClient-CacheRefreshExecutor-0] INFO  com.netflix.discovery.DiscoveryClient - Single vip registry refresh property : null
2020-02-20 22:44:11.702 [DiscoveryClient-CacheRefreshExecutor-0] INFO  com.netflix.discovery.DiscoveryClient - Force full registry fetch : false
2020-02-20 22:44:11.703 [DiscoveryClient-CacheRefreshExecutor-0] INFO  com.netflix.discovery.DiscoveryClient - Application is null : false
2020-02-20 22:44:11.703 [DiscoveryClient-CacheRefreshExecutor-0] INFO  com.netflix.discovery.DiscoveryClient - Registered Applications size is zero : true
2020-02-20 22:44:11.703 [DiscoveryClient-CacheRefreshExecutor-0] INFO  com.netflix.discovery.DiscoveryClient - Application version is -1: false
2020-02-20 22:44:11.703 [DiscoveryClient-CacheRefreshExecutor-0] INFO  com.netflix.discovery.DiscoveryClient - Getting all instance registry info from the eureka server
2020-02-20 22:44:11.754 [DiscoveryClient-CacheRefreshExecutor-0] INFO  com.netflix.discovery.DiscoveryClient - The response status is 200
2020-02-20 22:48:41.542 [AsyncResolver-bootstrap-executor-0] INFO  c.n.d.shared.resolver.aws.ConfigClusterResolver - Resolving eureka endpoints via configuration
